<?xml version="1.0" encoding="UTF-8"?>
<testng-results ignored="0" total="1" passed="1" failed="0" skipped="0">
  <reporter-output>
  </reporter-output>
  <suite started-at="2020-06-21T20:41:08 IST" name="Default suite" finished-at="2020-06-21T20:41:53 IST" duration-ms="44473">
    <groups>
    </groups>
    <test started-at="2020-06-21T20:41:08 IST" name="Default test" finished-at="2020-06-21T20:41:53 IST" duration-ms="44473">
      <class name="com.gcr.script.Login_Logout">
        <test-method is-config="true" signature="generateReports()[pri:0, instance:com.gcr.script.Login_Logout@47542153]" started-at="2020-06-21T20:41:08 IST" name="generateReports" finished-at="2020-06-21T20:41:09 IST" duration-ms="1042" status="PASS">
          <reporter-output>
          </reporter-output>
        </test-method> <!-- generateReports -->
        <test-method is-config="true" signature="beforeClass()[pri:0, instance:com.gcr.script.Login_Logout@47542153]" started-at="2020-06-21T20:41:10 IST" name="beforeClass" finished-at="2020-06-21T20:41:27 IST" duration-ms="17298" status="PASS">
          <reporter-output>
          </reporter-output>
        </test-method> <!-- beforeClass -->
        <test-method is-config="true" signature="methodName(java.lang.reflect.Method)[pri:0, instance:com.gcr.script.Login_Logout@47542153]" started-at="2020-06-21T20:41:27 IST" name="methodName" finished-at="2020-06-21T20:41:27 IST" duration-ms="16" status="PASS">
          <params>
            <param index="0">
              <value>
                <![CDATA[public void com.gcr.script.Login_Logout.testLogin_Logout() throws java.lang.Exception]]>
              </value>
            </param>
          </params>
          <reporter-output>
          </reporter-output>
        </test-method> <!-- methodName -->
        <test-method signature="testLogin_Logout()[pri:0, instance:com.gcr.script.Login_Logout@47542153]" started-at="2020-06-21T20:41:27 IST" name="testLogin_Logout" finished-at="2020-06-21T20:41:46 IST" duration-ms="18676" status="PASS">
          <reporter-output>
          </reporter-output>
        </test-method> <!-- testLogin_Logout -->
        <test-method is-config="true" signature="afterClass()[pri:0, instance:com.gcr.script.Login_Logout@47542153]" started-at="2020-06-21T20:41:46 IST" name="afterClass" finished-at="2020-06-21T20:41:53 IST" duration-ms="7220" status="PASS">
          <reporter-output>
          </reporter-output>
        </test-method> <!-- afterClass -->
      </class> <!-- com.gcr.script.Login_Logout -->
    </test> <!-- Default test -->
  </suite> <!-- Default suite -->
</testng-results>
